#! /usr/bin/vvp
:ivl_version "12.0 (stable)";
:ivl_delay_selection "TYPICAL";
:vpi_time_precision - 12;
:vpi_module "/usr/lib/x86_64-linux-gnu/ivl/system.vpi";
:vpi_module "/usr/lib/x86_64-linux-gnu/ivl/vhdl_sys.vpi";
:vpi_module "/usr/lib/x86_64-linux-gnu/ivl/vhdl_textio.vpi";
:vpi_module "/usr/lib/x86_64-linux-gnu/ivl/v2005_math.vpi";
:vpi_module "/usr/lib/x86_64-linux-gnu/ivl/va_math.vpi";
S_0x586691bce8b0 .scope module, "test_bench" "test_bench" 2 3;
 .timescale -9 -12;
v0x586691c2c6f0_0 .var "M", 31 0;
v0x586691c2c820_0 .net "P", 63 0, L_0x586691c2e690;  1 drivers
v0x586691c2c8e0_0 .var "Q", 31 0;
v0x586691c2ca00_0 .var "clk", 0 0;
v0x586691c2caa0_0 .var/i "error_count", 31 0;
v0x586691c2cbd0_0 .var "expected_P", 63 0;
v0x586691c2ccb0_0 .var/i "i", 31 0;
S_0x586691bde130 .scope module, "dut" "radix4_Booth_mul" 2 14, 3 1 0, S_0x586691bce8b0;
 .timescale 0 0;
    .port_info 0 /INPUT 32 "M";
    .port_info 1 /INPUT 32 "Q";
    .port_info 2 /OUTPUT 64 "P";
v0x586691c2b870_0 .net "M", 31 0, v0x586691c2c6f0_0;  1 drivers
v0x586691c2b930_0 .net "P", 63 0, L_0x586691c2e690;  alias, 1 drivers
v0x586691c2b9f0_0 .net "Q", 31 0, v0x586691c2c8e0_0;  1 drivers
v0x586691c2ba90_0 .net "e_out", 15 0, v0x586691bcdf30_0;  1 drivers
v0x586691c2bb30_0 .net "extended_out", 527 0, v0x586691c27040_0;  1 drivers
v0x586691c2bc20_0 .var "final_sum", 64 0;
v0x586691c2bce0_0 .var/i "i", 31 0;
v0x586691c2bdc0 .array "layers", 16 0, 64 0;
v0x586691c2c0a0_0 .net "seq_in", 47 0, L_0x586691c2dc20;  1 drivers
v0x586691c2c1f0_0 .net "sgn_out", 15 0, v0x586691c274b0_0;  1 drivers
E_0x586691be4250/0 .event anyedge, v0x586691c27040_0, v0x586691bcdf30_0, v0x586691c274b0_0, v0x586691c2bc20_0;
v0x586691c2bdc0_0 .array/port v0x586691c2bdc0, 0;
v0x586691c2bdc0_1 .array/port v0x586691c2bdc0, 1;
v0x586691c2bdc0_2 .array/port v0x586691c2bdc0, 2;
v0x586691c2bdc0_3 .array/port v0x586691c2bdc0, 3;
E_0x586691be4250/1 .event anyedge, v0x586691c2bdc0_0, v0x586691c2bdc0_1, v0x586691c2bdc0_2, v0x586691c2bdc0_3;
v0x586691c2bdc0_4 .array/port v0x586691c2bdc0, 4;
v0x586691c2bdc0_5 .array/port v0x586691c2bdc0, 5;
v0x586691c2bdc0_6 .array/port v0x586691c2bdc0, 6;
v0x586691c2bdc0_7 .array/port v0x586691c2bdc0, 7;
E_0x586691be4250/2 .event anyedge, v0x586691c2bdc0_4, v0x586691c2bdc0_5, v0x586691c2bdc0_6, v0x586691c2bdc0_7;
v0x586691c2bdc0_8 .array/port v0x586691c2bdc0, 8;
v0x586691c2bdc0_9 .array/port v0x586691c2bdc0, 9;
v0x586691c2bdc0_10 .array/port v0x586691c2bdc0, 10;
v0x586691c2bdc0_11 .array/port v0x586691c2bdc0, 11;
E_0x586691be4250/3 .event anyedge, v0x586691c2bdc0_8, v0x586691c2bdc0_9, v0x586691c2bdc0_10, v0x586691c2bdc0_11;
v0x586691c2bdc0_12 .array/port v0x586691c2bdc0, 12;
v0x586691c2bdc0_13 .array/port v0x586691c2bdc0, 13;
v0x586691c2bdc0_14 .array/port v0x586691c2bdc0, 14;
v0x586691c2bdc0_15 .array/port v0x586691c2bdc0, 15;
E_0x586691be4250/4 .event anyedge, v0x586691c2bdc0_12, v0x586691c2bdc0_13, v0x586691c2bdc0_14, v0x586691c2bdc0_15;
v0x586691c2bdc0_16 .array/port v0x586691c2bdc0, 16;
E_0x586691be4250/5 .event anyedge, v0x586691c2bdc0_16;
E_0x586691be4250 .event/or E_0x586691be4250/0, E_0x586691be4250/1, E_0x586691be4250/2, E_0x586691be4250/3, E_0x586691be4250/4, E_0x586691be4250/5;
L_0x586691c2e690 .part v0x586691c2bc20_0, 0, 64;
S_0x586691bde410 .scope module, "dec" "Booth_decoder" 3 19, 4 1 0, S_0x586691bde130;
 .timescale 0 0;
    .port_info 0 /INPUT 48 "seq_in";
    .port_info 1 /INPUT 32 "M";
    .port_info 2 /OUTPUT 528 "extended_out";
    .port_info 3 /OUTPUT 16 "sgn_out";
    .port_info 4 /OUTPUT 16 "e_out";
P_0x586691b9d490 .param/l "NUM_SEQ" 1 4 12, +C4<00000000000000000000000000010000>;
P_0x586691b9d4d0 .param/l "PP_WIDTH" 1 4 13, +C4<000000000000000000000000000100001>;
P_0x586691b9d510 .param/l "WIDTH" 0 4 2, +C4<00000000000000000000000000100000>;
v0x586691bcf2a0_0 .net "M", 31 0, v0x586691c2c6f0_0;  alias, 1 drivers
v0x586691bcdf30_0 .var "e_out", 15 0;
v0x586691c27040_0 .var "extended_out", 527 0;
v0x586691c27100_0 .var/i "i", 31 0;
v0x586691c271e0_0 .net "multiplicand_sign", 0 0, L_0x586691c2e5f0;  1 drivers
v0x586691c272f0_0 .var "seq", 2 0;
v0x586691c273d0_0 .net "seq_in", 47 0, L_0x586691c2dc20;  alias, 1 drivers
v0x586691c274b0_0 .var "sgn_out", 15 0;
E_0x586691be1910 .event anyedge, v0x586691c273d0_0, v0x586691c272f0_0, v0x586691bcf2a0_0, v0x586691c271e0_0;
L_0x586691c2e5f0 .part v0x586691c2c6f0_0, 31, 1;
S_0x586691c27630 .scope module, "enc" "Booth_encoder" 3 13, 5 1 0, S_0x586691bde130;
 .timescale 0 0;
    .port_info 0 /INPUT 32 "Q";
    .port_info 1 /OUTPUT 48 "seq_out";
P_0x586691c27830 .param/l "WIDTH" 0 5 1, +C4<00000000000000000000000000100000>;
v0x586691c2b4d0_0 .net "Q", 31 0, v0x586691c2c8e0_0;  alias, 1 drivers
L_0x77a65fe9d018 .functor BUFT 1, C4<0>, C4<0>, C4<0>, C4<0>;
v0x586691c2b5d0_0 .net/2u *"_ivl_49", 0 0, L_0x77a65fe9d018;  1 drivers
v0x586691c2b6b0_0 .net "extended_Q", 32 0, L_0x586691c2e460;  1 drivers
v0x586691c2b770_0 .net "seq_out", 47 0, L_0x586691c2dc20;  alias, 1 drivers
L_0x586691c2cd90 .part L_0x586691c2e460, 0, 3;
L_0x586691c2ce30 .part L_0x586691c2e460, 2, 3;
L_0x586691c2cf50 .part L_0x586691c2e460, 4, 3;
L_0x586691c2cff0 .part L_0x586691c2e460, 6, 3;
L_0x586691c2d180 .part L_0x586691c2e460, 8, 3;
L_0x586691c2d250 .part L_0x586691c2e460, 10, 3;
L_0x586691c2d360 .part L_0x586691c2e460, 12, 3;
L_0x586691c2d400 .part L_0x586691c2e460, 14, 3;
L_0x586691c2d520 .part L_0x586691c2e460, 16, 3;
L_0x586691c2d5f0 .part L_0x586691c2e460, 18, 3;
L_0x586691c2d720 .part L_0x586691c2e460, 20, 3;
L_0x586691c2d7f0 .part L_0x586691c2e460, 22, 3;
L_0x586691c2d930 .part L_0x586691c2e460, 24, 3;
L_0x586691c2da00 .part L_0x586691c2e460, 26, 3;
L_0x586691c2db50 .part L_0x586691c2e460, 28, 3;
LS_0x586691c2dc20_0_0 .concat8 [ 3 3 3 3], L_0x586691c2cd90, L_0x586691c2ce30, L_0x586691c2cf50, L_0x586691c2cff0;
LS_0x586691c2dc20_0_4 .concat8 [ 3 3 3 3], L_0x586691c2d180, L_0x586691c2d250, L_0x586691c2d360, L_0x586691c2d400;
LS_0x586691c2dc20_0_8 .concat8 [ 3 3 3 3], L_0x586691c2d520, L_0x586691c2d5f0, L_0x586691c2d720, L_0x586691c2d7f0;
LS_0x586691c2dc20_0_12 .concat8 [ 3 3 3 3], L_0x586691c2d930, L_0x586691c2da00, L_0x586691c2db50, L_0x586691c2e160;
L_0x586691c2dc20 .concat8 [ 12 12 12 12], LS_0x586691c2dc20_0_0, LS_0x586691c2dc20_0_4, LS_0x586691c2dc20_0_8, LS_0x586691c2dc20_0_12;
L_0x586691c2e160 .part L_0x586691c2e460, 30, 3;
L_0x586691c2e460 .concat [ 1 32 0 0], L_0x77a65fe9d018, v0x586691c2c8e0_0;
S_0x586691c278d0 .scope generate, "genblk1[0]" "genblk1[0]" 5 12, 5 12 0, S_0x586691c27630;
 .timescale 0 0;
P_0x586691c27af0 .param/l "i" 1 5 12, +C4<00>;
v0x586691c27bd0_0 .net *"_ivl_0", 2 0, L_0x586691c2cd90;  1 drivers
S_0x586691c27cb0 .scope generate, "genblk1[1]" "genblk1[1]" 5 12, 5 12 0, S_0x586691c27630;
 .timescale 0 0;
P_0x586691c27ed0 .param/l "i" 1 5 12, +C4<01>;
v0x586691c27f90_0 .net *"_ivl_0", 2 0, L_0x586691c2ce30;  1 drivers
S_0x586691c28070 .scope generate, "genblk1[2]" "genblk1[2]" 5 12, 5 12 0, S_0x586691c27630;
 .timescale 0 0;
P_0x586691c28270 .param/l "i" 1 5 12, +C4<010>;
v0x586691c28330_0 .net *"_ivl_0", 2 0, L_0x586691c2cf50;  1 drivers
S_0x586691c28410 .scope generate, "genblk1[3]" "genblk1[3]" 5 12, 5 12 0, S_0x586691c27630;
 .timescale 0 0;
P_0x586691c28610 .param/l "i" 1 5 12, +C4<011>;
v0x586691c286f0_0 .net *"_ivl_0", 2 0, L_0x586691c2cff0;  1 drivers
S_0x586691c287d0 .scope generate, "genblk1[4]" "genblk1[4]" 5 12, 5 12 0, S_0x586691c27630;
 .timescale 0 0;
P_0x586691c28a20 .param/l "i" 1 5 12, +C4<0100>;
v0x586691c28b00_0 .net *"_ivl_0", 2 0, L_0x586691c2d180;  1 drivers
S_0x586691c28be0 .scope generate, "genblk1[5]" "genblk1[5]" 5 12, 5 12 0, S_0x586691c27630;
 .timescale 0 0;
P_0x586691c28de0 .param/l "i" 1 5 12, +C4<0101>;
v0x586691c28ec0_0 .net *"_ivl_0", 2 0, L_0x586691c2d250;  1 drivers
S_0x586691c28fa0 .scope generate, "genblk1[6]" "genblk1[6]" 5 12, 5 12 0, S_0x586691c27630;
 .timescale 0 0;
P_0x586691c291a0 .param/l "i" 1 5 12, +C4<0110>;
v0x586691c29280_0 .net *"_ivl_0", 2 0, L_0x586691c2d360;  1 drivers
S_0x586691c29360 .scope generate, "genblk1[7]" "genblk1[7]" 5 12, 5 12 0, S_0x586691c27630;
 .timescale 0 0;
P_0x586691c29560 .param/l "i" 1 5 12, +C4<0111>;
v0x586691c29640_0 .net *"_ivl_0", 2 0, L_0x586691c2d400;  1 drivers
S_0x586691c29720 .scope generate, "genblk1[8]" "genblk1[8]" 5 12, 5 12 0, S_0x586691c27630;
 .timescale 0 0;
P_0x586691c289d0 .param/l "i" 1 5 12, +C4<01000>;
v0x586691c299b0_0 .net *"_ivl_0", 2 0, L_0x586691c2d520;  1 drivers
S_0x586691c29a90 .scope generate, "genblk1[9]" "genblk1[9]" 5 12, 5 12 0, S_0x586691c27630;
 .timescale 0 0;
P_0x586691c29c90 .param/l "i" 1 5 12, +C4<01001>;
v0x586691c29d70_0 .net *"_ivl_0", 2 0, L_0x586691c2d5f0;  1 drivers
S_0x586691c29e50 .scope generate, "genblk1[10]" "genblk1[10]" 5 12, 5 12 0, S_0x586691c27630;
 .timescale 0 0;
P_0x586691c2a050 .param/l "i" 1 5 12, +C4<01010>;
v0x586691c2a130_0 .net *"_ivl_0", 2 0, L_0x586691c2d720;  1 drivers
S_0x586691c2a210 .scope generate, "genblk1[11]" "genblk1[11]" 5 12, 5 12 0, S_0x586691c27630;
 .timescale 0 0;
P_0x586691c2a410 .param/l "i" 1 5 12, +C4<01011>;
v0x586691c2a4f0_0 .net *"_ivl_0", 2 0, L_0x586691c2d7f0;  1 drivers
S_0x586691c2a5d0 .scope generate, "genblk1[12]" "genblk1[12]" 5 12, 5 12 0, S_0x586691c27630;
 .timescale 0 0;
P_0x586691c2a7d0 .param/l "i" 1 5 12, +C4<01100>;
v0x586691c2a8b0_0 .net *"_ivl_0", 2 0, L_0x586691c2d930;  1 drivers
S_0x586691c2a990 .scope generate, "genblk1[13]" "genblk1[13]" 5 12, 5 12 0, S_0x586691c27630;
 .timescale 0 0;
P_0x586691c2ab90 .param/l "i" 1 5 12, +C4<01101>;
v0x586691c2ac70_0 .net *"_ivl_0", 2 0, L_0x586691c2da00;  1 drivers
S_0x586691c2ad50 .scope generate, "genblk1[14]" "genblk1[14]" 5 12, 5 12 0, S_0x586691c27630;
 .timescale 0 0;
P_0x586691c2af50 .param/l "i" 1 5 12, +C4<01110>;
v0x586691c2b030_0 .net *"_ivl_0", 2 0, L_0x586691c2db50;  1 drivers
S_0x586691c2b110 .scope generate, "genblk1[15]" "genblk1[15]" 5 12, 5 12 0, S_0x586691c27630;
 .timescale 0 0;
P_0x586691c2b310 .param/l "i" 1 5 12, +C4<01111>;
v0x586691c2b3f0_0 .net *"_ivl_0", 2 0, L_0x586691c2e160;  1 drivers
S_0x586691c2c310 .scope task, "test_mul" "test_mul" 2 78, 2 78 0, S_0x586691bce8b0;
 .timescale -9 -12;
v0x586691c2c510_0 .var "test_M", 31 0;
v0x586691c2c610_0 .var "test_Q", 31 0;
E_0x586691bc1210 .event posedge, v0x586691c2ca00_0;
TD_test_bench.test_mul ;
    %wait E_0x586691bc1210;
    %delay 1000, 0;
    %load/vec4 v0x586691c2c510_0;
    %store/vec4 v0x586691c2c6f0_0, 0, 32;
    %load/vec4 v0x586691c2c610_0;
    %store/vec4 v0x586691c2c8e0_0, 0, 32;
    %load/vec4 v0x586691c2c510_0;
    %pad/s 64;
    %load/vec4 v0x586691c2c610_0;
    %pad/s 64;
    %mul;
    %store/vec4 v0x586691c2cbd0_0, 0, 64;
    %delay 10000, 0;
    %load/vec4 v0x586691c2c820_0;
    %load/vec4 v0x586691c2cbd0_0;
    %cmp/ne;
    %jmp/0xz  T_0.0, 6;
    %vpi_call 2 93 "$display", "[FAIL] Time: %0t | M = %h | Q = %h | P = %h | exp_P = %h", $time, v0x586691c2c6f0_0, v0x586691c2c8e0_0, v0x586691c2c820_0, v0x586691c2cbd0_0 {0 0 0};
    %load/vec4 v0x586691c2caa0_0;
    %addi 1, 0, 32;
    %store/vec4 v0x586691c2caa0_0, 0, 32;
    %jmp T_0.1;
T_0.0 ;
    %vpi_call 2 96 "$display", "[PASS] Time: %0t | M = %h | Q = %h | P = %h | exp_P = %h", $time, v0x586691c2c6f0_0, v0x586691c2c8e0_0, v0x586691c2c820_0, v0x586691c2cbd0_0 {0 0 0};
T_0.1 ;
    %end;
    .scope S_0x586691bde410;
T_1 ;
    %wait E_0x586691be1910;
    %pushi/vec4 0, 0, 32;
    %store/vec4 v0x586691c27100_0, 0, 32;
T_1.0 ;
    %load/vec4 v0x586691c27100_0;
    %cmpi/s 16, 0, 32;
    %jmp/0xz T_1.1, 5;
    %load/vec4 v0x586691c273d0_0;
    %load/vec4 v0x586691c27100_0;
    %muli 3, 0, 32;
    %part/s 3;
    %store/vec4 v0x586691c272f0_0, 0, 3;
    %load/vec4 v0x586691c272f0_0;
    %dup/vec4;
    %pushi/vec4 0, 0, 3;
    %cmp/u;
    %jmp/1 T_1.2, 6;
    %dup/vec4;
    %pushi/vec4 7, 0, 3;
    %cmp/u;
    %jmp/1 T_1.3, 6;
    %dup/vec4;
    %pushi/vec4 1, 0, 3;
    %cmp/u;
    %jmp/1 T_1.4, 6;
    %dup/vec4;
    %pushi/vec4 2, 0, 3;
    %cmp/u;
    %jmp/1 T_1.5, 6;
    %dup/vec4;
    %pushi/vec4 3, 0, 3;
    %cmp/u;
    %jmp/1 T_1.6, 6;
    %dup/vec4;
    %pushi/vec4 4, 0, 3;
    %cmp/u;
    %jmp/1 T_1.7, 6;
    %dup/vec4;
    %pushi/vec4 5, 0, 3;
    %cmp/u;
    %jmp/1 T_1.8, 6;
    %dup/vec4;
    %pushi/vec4 6, 0, 3;
    %cmp/u;
    %jmp/1 T_1.9, 6;
    %pushi/vec4 0, 0, 33;
    %load/vec4 v0x586691c27100_0;
    %pad/s 33;
    %muli 33, 0, 33;
    %ix/vec4/s 4;
    %store/vec4 v0x586691c27040_0, 4, 33;
    %pushi/vec4 0, 0, 1;
    %ix/getv/s 4, v0x586691c27100_0;
    %store/vec4 v0x586691c274b0_0, 4, 1;
    %pushi/vec4 1, 0, 1;
    %ix/getv/s 4, v0x586691c27100_0;
    %store/vec4 v0x586691bcdf30_0, 4, 1;
    %jmp T_1.11;
T_1.2 ;
    %pushi/vec4 0, 0, 33;
    %load/vec4 v0x586691c27100_0;
    %pad/s 33;
    %muli 33, 0, 33;
    %ix/vec4/s 4;
    %store/vec4 v0x586691c27040_0, 4, 33;
    %pushi/vec4 0, 0, 1;
    %ix/getv/s 4, v0x586691c27100_0;
    %store/vec4 v0x586691c274b0_0, 4, 1;
    %pushi/vec4 1, 0, 1;
    %ix/getv/s 4, v0x586691c27100_0;
    %store/vec4 v0x586691bcdf30_0, 4, 1;
    %jmp T_1.11;
T_1.3 ;
    %pushi/vec4 0, 0, 33;
    %load/vec4 v0x586691c27100_0;
    %pad/s 33;
    %muli 33, 0, 33;
    %ix/vec4/s 4;
    %store/vec4 v0x586691c27040_0, 4, 33;
    %pushi/vec4 0, 0, 1;
    %ix/getv/s 4, v0x586691c27100_0;
    %store/vec4 v0x586691c274b0_0, 4, 1;
    %pushi/vec4 1, 0, 1;
    %ix/getv/s 4, v0x586691c27100_0;
    %store/vec4 v0x586691bcdf30_0, 4, 1;
    %jmp T_1.11;
T_1.4 ;
    %load/vec4 v0x586691bcf2a0_0;
    %parti/s 1, 31, 6;
    %load/vec4 v0x586691bcf2a0_0;
    %concat/vec4; draw_concat_vec4
    %load/vec4 v0x586691c27100_0;
    %pad/s 33;
    %muli 33, 0, 33;
    %ix/vec4/s 4;
    %store/vec4 v0x586691c27040_0, 4, 33;
    %pushi/vec4 0, 0, 1;
    %ix/getv/s 4, v0x586691c27100_0;
    %store/vec4 v0x586691c274b0_0, 4, 1;
    %load/vec4 v0x586691c271e0_0;
    %pushi/vec4 0, 0, 1;
    %xor;
    %inv;
    %ix/getv/s 4, v0x586691c27100_0;
    %store/vec4 v0x586691bcdf30_0, 4, 1;
    %jmp T_1.11;
T_1.5 ;
    %load/vec4 v0x586691bcf2a0_0;
    %parti/s 1, 31, 6;
    %load/vec4 v0x586691bcf2a0_0;
    %concat/vec4; draw_concat_vec4
    %load/vec4 v0x586691c27100_0;
    %pad/s 33;
    %muli 33, 0, 33;
    %ix/vec4/s 4;
    %store/vec4 v0x586691c27040_0, 4, 33;
    %pushi/vec4 0, 0, 1;
    %ix/getv/s 4, v0x586691c27100_0;
    %store/vec4 v0x586691c274b0_0, 4, 1;
    %load/vec4 v0x586691c271e0_0;
    %pushi/vec4 0, 0, 1;
    %xor;
    %inv;
    %ix/getv/s 4, v0x586691c27100_0;
    %store/vec4 v0x586691bcdf30_0, 4, 1;
    %jmp T_1.11;
T_1.6 ;
    %load/vec4 v0x586691bcf2a0_0;
    %concati/vec4 0, 0, 1;
    %load/vec4 v0x586691c27100_0;
    %pad/s 33;
    %muli 33, 0, 33;
    %ix/vec4/s 4;
    %store/vec4 v0x586691c27040_0, 4, 33;
    %pushi/vec4 0, 0, 1;
    %ix/getv/s 4, v0x586691c27100_0;
    %store/vec4 v0x586691c274b0_0, 4, 1;
    %load/vec4 v0x586691c271e0_0;
    %pushi/vec4 0, 0, 1;
    %xor;
    %inv;
    %ix/getv/s 4, v0x586691c27100_0;
    %store/vec4 v0x586691bcdf30_0, 4, 1;
    %jmp T_1.11;
T_1.7 ;
    %load/vec4 v0x586691bcf2a0_0;
    %concati/vec4 0, 0, 1;
    %inv;
    %load/vec4 v0x586691c27100_0;
    %pad/s 33;
    %muli 33, 0, 33;
    %ix/vec4/s 4;
    %store/vec4 v0x586691c27040_0, 4, 33;
    %pushi/vec4 1, 0, 1;
    %ix/getv/s 4, v0x586691c27100_0;
    %store/vec4 v0x586691c274b0_0, 4, 1;
    %load/vec4 v0x586691c271e0_0;
    %pushi/vec4 1, 0, 1;
    %xor;
    %inv;
    %ix/getv/s 4, v0x586691c27100_0;
    %store/vec4 v0x586691bcdf30_0, 4, 1;
    %jmp T_1.11;
T_1.8 ;
    %load/vec4 v0x586691bcf2a0_0;
    %parti/s 1, 31, 6;
    %load/vec4 v0x586691bcf2a0_0;
    %concat/vec4; draw_concat_vec4
    %inv;
    %load/vec4 v0x586691c27100_0;
    %pad/s 33;
    %muli 33, 0, 33;
    %ix/vec4/s 4;
    %store/vec4 v0x586691c27040_0, 4, 33;
    %pushi/vec4 1, 0, 1;
    %ix/getv/s 4, v0x586691c27100_0;
    %store/vec4 v0x586691c274b0_0, 4, 1;
    %load/vec4 v0x586691c271e0_0;
    %pushi/vec4 1, 0, 1;
    %xor;
    %inv;
    %ix/getv/s 4, v0x586691c27100_0;
    %store/vec4 v0x586691bcdf30_0, 4, 1;
    %jmp T_1.11;
T_1.9 ;
    %load/vec4 v0x586691bcf2a0_0;
    %parti/s 1, 31, 6;
    %load/vec4 v0x586691bcf2a0_0;
    %concat/vec4; draw_concat_vec4
    %inv;
    %load/vec4 v0x586691c27100_0;
    %pad/s 33;
    %muli 33, 0, 33;
    %ix/vec4/s 4;
    %store/vec4 v0x586691c27040_0, 4, 33;
    %pushi/vec4 1, 0, 1;
    %ix/getv/s 4, v0x586691c27100_0;
    %store/vec4 v0x586691c274b0_0, 4, 1;
    %load/vec4 v0x586691c271e0_0;
    %pushi/vec4 1, 0, 1;
    %xor;
    %inv;
    %ix/getv/s 4, v0x586691c27100_0;
    %store/vec4 v0x586691bcdf30_0, 4, 1;
    %jmp T_1.11;
T_1.11 ;
    %pop/vec4 1;
    %load/vec4 v0x586691c27100_0;
    %addi 1, 0, 32;
    %store/vec4 v0x586691c27100_0, 0, 32;
    %jmp T_1.0;
T_1.1 ;
    %jmp T_1;
    .thread T_1, $push;
    .scope S_0x586691bde130;
T_2 ;
    %wait E_0x586691be4250;
    %pushi/vec4 0, 0, 32;
    %store/vec4 v0x586691c2bce0_0, 0, 32;
T_2.0 ;
    %load/vec4 v0x586691c2bce0_0;
    %cmpi/s 17, 0, 32;
    %jmp/0xz T_2.1, 5;
    %pushi/vec4 0, 0, 65;
    %ix/getv/s 4, v0x586691c2bce0_0;
    %store/vec4a v0x586691c2bdc0, 4, 0;
    %load/vec4 v0x586691c2bce0_0;
    %addi 1, 0, 32;
    %store/vec4 v0x586691c2bce0_0, 0, 32;
    %jmp T_2.0;
T_2.1 ;
    %pushi/vec4 0, 0, 32;
    %store/vec4 v0x586691c2bce0_0, 0, 32;
T_2.2 ;
    %load/vec4 v0x586691c2bce0_0;
    %cmpi/s 16, 0, 32;
    %jmp/0xz T_2.3, 5;
    %load/vec4 v0x586691c2bb30_0;
    %load/vec4 v0x586691c2bce0_0;
    %muli 33, 0, 32;
    %part/s 33;
    %ix/getv/s 4, v0x586691c2bce0_0;
    %flag_mov 8, 4;
    %load/vec4 v0x586691c2bce0_0;
    %muli 2, 0, 32;
    %ix/vec4/s 5;
    %flag_or 4, 8;
    %store/vec4a v0x586691c2bdc0, 4, 5;
    %load/vec4 v0x586691c2bce0_0;
    %cmpi/e 0, 0, 32;
    %jmp/0xz  T_2.4, 4;
    %load/vec4 v0x586691c2ba90_0;
    %parti/s 1, 0, 2;
    %inv;
    %ix/load 4, 0, 0;
    %flag_set/imm 4, 0;
    %flag_mov 8, 4;
    %ix/load 5, 33, 0;
    %flag_set/imm 4, 0;
    %flag_or 4, 8;
    %store/vec4a v0x586691c2bdc0, 4, 5;
    %load/vec4 v0x586691c2ba90_0;
    %parti/s 1, 0, 2;
    %inv;
    %ix/load 4, 0, 0;
    %flag_set/imm 4, 0;
    %flag_mov 8, 4;
    %ix/load 5, 34, 0;
    %flag_set/imm 4, 0;
    %flag_or 4, 8;
    %store/vec4a v0x586691c2bdc0, 4, 5;
    %load/vec4 v0x586691c2ba90_0;
    %parti/s 1, 0, 2;
    %ix/load 4, 0, 0;
    %flag_set/imm 4, 0;
    %flag_mov 8, 4;
    %ix/load 5, 35, 0;
    %flag_set/imm 4, 0;
    %flag_or 4, 8;
    %store/vec4a v0x586691c2bdc0, 4, 5;
    %jmp T_2.5;
T_2.4 ;
    %load/vec4 v0x586691c2ba90_0;
    %load/vec4 v0x586691c2bce0_0;
    %part/s 1;
    %ix/getv/s 4, v0x586691c2bce0_0;
    %flag_mov 8, 4;
    %load/vec4 v0x586691c2bce0_0;
    %muli 2, 0, 32;
    %addi 33, 0, 32;
    %ix/vec4/s 5;
    %flag_or 4, 8;
    %store/vec4a v0x586691c2bdc0, 4, 5;
    %pushi/vec4 1, 0, 1;
    %ix/getv/s 4, v0x586691c2bce0_0;
    %flag_mov 8, 4;
    %load/vec4 v0x586691c2bce0_0;
    %muli 2, 0, 32;
    %addi 34, 0, 32;
    %ix/vec4/s 5;
    %flag_or 4, 8;
    %store/vec4a v0x586691c2bdc0, 4, 5;
    %load/vec4 v0x586691c2c1f0_0;
    %load/vec4 v0x586691c2bce0_0;
    %subi 1, 0, 32;
    %part/s 1;
    %ix/getv/s 4, v0x586691c2bce0_0;
    %flag_mov 8, 4;
    %load/vec4 v0x586691c2bce0_0;
    %muli 2, 0, 32;
    %subi 2, 0, 32;
    %ix/vec4/s 5;
    %flag_or 4, 8;
    %store/vec4a v0x586691c2bdc0, 4, 5;
T_2.5 ;
    %load/vec4 v0x586691c2bce0_0;
    %addi 1, 0, 32;
    %store/vec4 v0x586691c2bce0_0, 0, 32;
    %jmp T_2.2;
T_2.3 ;
    %load/vec4 v0x586691c2c1f0_0;
    %parti/s 1, 15, 5;
    %ix/load 4, 16, 0;
    %flag_set/imm 4, 0;
    %flag_mov 8, 4;
    %ix/load 5, 30, 0;
    %flag_set/imm 4, 0;
    %flag_or 4, 8;
    %store/vec4a v0x586691c2bdc0, 4, 5;
    %pushi/vec4 0, 0, 65;
    %store/vec4 v0x586691c2bc20_0, 0, 65;
    %pushi/vec4 0, 0, 32;
    %store/vec4 v0x586691c2bce0_0, 0, 32;
T_2.6 ;
    %load/vec4 v0x586691c2bce0_0;
    %cmpi/s 17, 0, 32;
    %jmp/0xz T_2.7, 5;
    %load/vec4 v0x586691c2bc20_0;
    %ix/getv/s 4, v0x586691c2bce0_0;
    %load/vec4a v0x586691c2bdc0, 4;
    %add;
    %store/vec4 v0x586691c2bc20_0, 0, 65;
    %load/vec4 v0x586691c2bce0_0;
    %addi 1, 0, 32;
    %store/vec4 v0x586691c2bce0_0, 0, 32;
    %jmp T_2.6;
T_2.7 ;
    %jmp T_2;
    .thread T_2, $push;
    .scope S_0x586691bce8b0;
T_3 ;
    %pushi/vec4 0, 0, 1;
    %store/vec4 v0x586691c2ca00_0, 0, 1;
    %end;
    .thread T_3;
    .scope S_0x586691bce8b0;
T_4 ;
    %delay 5000, 0;
    %load/vec4 v0x586691c2ca00_0;
    %inv;
    %store/vec4 v0x586691c2ca00_0, 0, 1;
    %jmp T_4;
    .thread T_4;
    .scope S_0x586691bce8b0;
T_5 ;
    %vpi_call 2 27 "$dumpfile", "wave.vcd" {0 0 0};
    %vpi_call 2 28 "$dumpvars", 32'sb00000000000000000000000000000000, S_0x586691bce8b0 {0 0 0};
    %pushi/vec4 0, 0, 32;
    %store/vec4 v0x586691c2c6f0_0, 0, 32;
    %pushi/vec4 0, 0, 32;
    %store/vec4 v0x586691c2c8e0_0, 0, 32;
    %pushi/vec4 0, 0, 32;
    %store/vec4 v0x586691c2caa0_0, 0, 32;
    %vpi_call 2 33 "$display", "==========================================" {0 0 0};
    %vpi_call 2 34 "$display", "TESTING 32-BIT RADIX-4 BOOTH MULTIPLIER..." {0 0 0};
    %vpi_call 2 35 "$display", "==========================================" {0 0 0};
    %vpi_call 2 38 "$display", "\012 Coner testcases..." {0 0 0};
    %pushi/vec4 4294967295, 0, 32;
    %store/vec4 v0x586691c2c510_0, 0, 32;
    %pushi/vec4 4294967295, 0, 32;
    %store/vec4 v0x586691c2c610_0, 0, 32;
    %fork TD_test_bench.test_mul, S_0x586691c2c310;
    %join;
    %pushi/vec4 2863311530, 0, 32;
    %store/vec4 v0x586691c2c510_0, 0, 32;
    %pushi/vec4 1431655765, 0, 32;
    %store/vec4 v0x586691c2c610_0, 0, 32;
    %fork TD_test_bench.test_mul, S_0x586691c2c310;
    %join;
    %pushi/vec4 286331153, 0, 32;
    %store/vec4 v0x586691c2c510_0, 0, 32;
    %pushi/vec4 3166485692, 0, 32;
    %store/vec4 v0x586691c2c610_0, 0, 32;
    %fork TD_test_bench.test_mul, S_0x586691c2c310;
    %join;
    %pushi/vec4 2147483648, 0, 32;
    %store/vec4 v0x586691c2c510_0, 0, 32;
    %pushi/vec4 2147483648, 0, 32;
    %store/vec4 v0x586691c2c610_0, 0, 32;
    %fork TD_test_bench.test_mul, S_0x586691c2c310;
    %join;
    %pushi/vec4 2147483647, 0, 32;
    %store/vec4 v0x586691c2c510_0, 0, 32;
    %pushi/vec4 2147483647, 0, 32;
    %store/vec4 v0x586691c2c610_0, 0, 32;
    %fork TD_test_bench.test_mul, S_0x586691c2c310;
    %join;
    %pushi/vec4 2147483647, 0, 32;
    %store/vec4 v0x586691c2c510_0, 0, 32;
    %pushi/vec4 2147483648, 0, 32;
    %store/vec4 v0x586691c2c610_0, 0, 32;
    %fork TD_test_bench.test_mul, S_0x586691c2c310;
    %join;
    %pushi/vec4 0, 0, 32;
    %store/vec4 v0x586691c2c510_0, 0, 32;
    %pushi/vec4 0, 0, 32;
    %store/vec4 v0x586691c2c610_0, 0, 32;
    %fork TD_test_bench.test_mul, S_0x586691c2c310;
    %join;
    %pushi/vec4 305419896, 0, 32;
    %store/vec4 v0x586691c2c510_0, 0, 32;
    %pushi/vec4 0, 0, 32;
    %store/vec4 v0x586691c2c610_0, 0, 32;
    %fork TD_test_bench.test_mul, S_0x586691c2c310;
    %join;
    %pushi/vec4 2147483648, 0, 32;
    %store/vec4 v0x586691c2c510_0, 0, 32;
    %pushi/vec4 1, 0, 32;
    %store/vec4 v0x586691c2c610_0, 0, 32;
    %fork TD_test_bench.test_mul, S_0x586691c2c310;
    %join;
    %pushi/vec4 2147483647, 0, 32;
    %store/vec4 v0x586691c2c510_0, 0, 32;
    %pushi/vec4 4294967295, 0, 32;
    %store/vec4 v0x586691c2c610_0, 0, 32;
    %fork TD_test_bench.test_mul, S_0x586691c2c310;
    %join;
    %pushi/vec4 3, 0, 32;
    %store/vec4 v0x586691c2c510_0, 0, 32;
    %pushi/vec4 2147483635, 0, 32;
    %store/vec4 v0x586691c2c610_0, 0, 32;
    %fork TD_test_bench.test_mul, S_0x586691c2c310;
    %join;
    %pushi/vec4 4294967293, 0, 32;
    %store/vec4 v0x586691c2c510_0, 0, 32;
    %pushi/vec4 5, 0, 32;
    %store/vec4 v0x586691c2c610_0, 0, 32;
    %fork TD_test_bench.test_mul, S_0x586691c2c310;
    %join;
    %vpi_call 2 59 "$display", "\012 Random testcases..." {0 0 0};
    %pushi/vec4 0, 0, 32;
    %store/vec4 v0x586691c2ccb0_0, 0, 32;
T_5.0 ;
    %load/vec4 v0x586691c2ccb0_0;
    %cmpi/s 100, 0, 32;
    %jmp/0xz T_5.1, 5;
    %vpi_func 2 61 "$random" 32 {0 0 0};
    %store/vec4 v0x586691c2c510_0, 0, 32;
    %vpi_func 2 61 "$random" 32 {0 0 0};
    %store/vec4 v0x586691c2c610_0, 0, 32;
    %fork TD_test_bench.test_mul, S_0x586691c2c310;
    %join;
    %load/vec4 v0x586691c2ccb0_0;
    %addi 1, 0, 32;
    %store/vec4 v0x586691c2ccb0_0, 0, 32;
    %jmp T_5.0;
T_5.1 ;
    %vpi_call 2 64 "$display", "==================================================" {0 0 0};
    %load/vec4 v0x586691c2caa0_0;
    %cmpi/e 0, 0, 32;
    %jmp/0xz  T_5.2, 4;
    %vpi_call 2 66 "$display", "[SUCCESS]: PASS ALL TESTCASES" {0 0 0};
    %vpi_call 2 67 "$display", "--- SIMULATION FINISHED ---" {0 0 0};
    %jmp T_5.3;
T_5.2 ;
    %vpi_call 2 69 "$display", "[FAIL]: FAIL %0d TESTCASES COUNT", v0x586691c2caa0_0 {0 0 0};
    %vpi_call 2 70 "$display", "--- SIMULATION FINISHED ---" {0 0 0};
T_5.3 ;
    %vpi_call 2 72 "$display", "==================================================" {0 0 0};
    %delay 100000, 0;
    %vpi_call 2 75 "$finish" {0 0 0};
    %end;
    .thread T_5;
# The file index is used to find the file name in the following table.
:file_names 6;
    "N/A";
    "<interactive>";
    "../tb/test_bench.v";
    "../rtl/radix4_Booth_mul.v";
    "../rtl/Booth_decoder.v";
    "../rtl/Booth_encoder.v";
